<?xml version="1.0" encoding="UTF-8"?>
<!-- Generated by org.testng.reporters.JUnitXMLReporter -->
<testsuite ignored="0" hostname="Suchetas-MacBook-Air.local" failures="0" tests="3" name="Test" time="34.18" errors="0" timestamp="2021-09-23T16:01:18 BST">
  <testcase classname="Tests.Browsersetinpropfile_Googlesearch" name="search" time="8.93"/>
  <testcase classname="Tests.TestExtentReport_TestNG_GoogleSearch" name="test" time="11.811"/>
  <testcase classname="Tests.TestNG_GooglesearchObject" name="search" time="12.242"/>
</testsuite> <!-- Test -->
