<?xml version="1.0" encoding="UTF-8"?>
<testng-results ignored="0" total="3" passed="3" failed="0" skipped="0">
  <reporter-output>
  </reporter-output>
  <suite started-at="2021-09-23T16:00:44 BST" name="Suite" finished-at="2021-09-23T16:01:18 BST" duration-ms="34180">
    <groups>
    </groups>
    <test started-at="2021-09-23T16:00:44 BST" name="Test" finished-at="2021-09-23T16:01:18 BST" duration-ms="34180">
      <class name="Tests.TestNG_GooglesearchObject">
        <test-method is-config="true" signature="TestSetup()[pri:0, instance:Tests.TestNG_GooglesearchObject@6c130c45]" started-at="2021-09-23T16:01:00 BST" name="TestSetup" finished-at="2021-09-23T16:01:05 BST" duration-ms="4369" status="PASS">
          <reporter-output>
          </reporter-output>
        </test-method> <!-- TestSetup -->
        <test-method signature="search()[pri:0, instance:Tests.TestNG_GooglesearchObject@6c130c45]" started-at="2021-09-23T16:01:05 BST" name="search" finished-at="2021-09-23T16:01:17 BST" duration-ms="12242" status="PASS">
          <reporter-output>
          </reporter-output>
        </test-method> <!-- search -->
        <test-method is-config="true" signature="teardown()[pri:0, instance:Tests.TestNG_GooglesearchObject@6c130c45]" started-at="2021-09-23T16:01:18 BST" name="teardown" finished-at="2021-09-23T16:01:18 BST" duration-ms="234" status="PASS">
          <reporter-output>
          </reporter-output>
        </test-method> <!-- teardown -->
      </class> <!-- Tests.TestNG_GooglesearchObject -->
      <class name="Tests.TestExtentReport_TestNG_GoogleSearch">
        <test-method is-config="true" signature="setup()[pri:0, instance:Tests.TestExtentReport_TestNG_GoogleSearch@33990a0c]" started-at="2021-09-23T16:00:43 BST" name="setup" finished-at="2021-09-23T16:00:44 BST" duration-ms="601" status="PASS">
          <reporter-output>
          </reporter-output>
        </test-method> <!-- setup -->
        <test-method is-config="true" signature="setuptest()[pri:0, instance:Tests.TestExtentReport_TestNG_GoogleSearch@33990a0c]" started-at="2021-09-23T16:00:52 BST" name="setuptest" finished-at="2021-09-23T16:01:00 BST" duration-ms="8071" status="PASS">
          <reporter-output>
          </reporter-output>
        </test-method> <!-- setuptest -->
        <test-method signature="test()[pri:0, instance:Tests.TestExtentReport_TestNG_GoogleSearch@33990a0c]" started-at="2021-09-23T16:01:05 BST" name="test" finished-at="2021-09-23T16:01:17 BST" duration-ms="11811" status="PASS">
          <reporter-output>
          </reporter-output>
        </test-method> <!-- test -->
        <test-method is-config="true" signature="teardowntest()[pri:0, instance:Tests.TestExtentReport_TestNG_GoogleSearch@33990a0c]" started-at="2021-09-23T16:01:18 BST" name="teardowntest" finished-at="2021-09-23T16:01:18 BST" duration-ms="220" status="PASS">
          <reporter-output>
          </reporter-output>
        </test-method> <!-- teardowntest -->
        <test-method is-config="true" signature="teardown()[pri:0, instance:Tests.TestExtentReport_TestNG_GoogleSearch@33990a0c]" started-at="2021-09-23T16:01:18 BST" name="teardown" finished-at="2021-09-23T16:01:19 BST" duration-ms="1044" status="PASS">
          <reporter-output>
          </reporter-output>
        </test-method> <!-- teardown -->
      </class> <!-- Tests.TestExtentReport_TestNG_GoogleSearch -->
      <class name="Tests.Browsersetinpropfile_Googlesearch">
        <test-method is-config="true" signature="TestSetup()[pri:0, instance:Tests.Browsersetinpropfile_Googlesearch@932bc4a]" started-at="2021-09-23T16:00:44 BST" name="TestSetup" finished-at="2021-09-23T16:00:52 BST" duration-ms="8591" status="PASS">
          <reporter-output>
          </reporter-output>
        </test-method> <!-- TestSetup -->
        <test-method signature="search()[pri:0, instance:Tests.Browsersetinpropfile_Googlesearch@932bc4a]" started-at="2021-09-23T16:01:05 BST" name="search" finished-at="2021-09-23T16:01:14 BST" duration-ms="8930" status="PASS">
          <reporter-output>
          </reporter-output>
        </test-method> <!-- search -->
        <test-method is-config="true" signature="teardown()[pri:0, instance:Tests.Browsersetinpropfile_Googlesearch@932bc4a]" started-at="2021-09-23T16:01:17 BST" name="teardown" finished-at="2021-09-23T16:01:18 BST" duration-ms="328" status="PASS">
          <reporter-output>
          </reporter-output>
        </test-method> <!-- teardown -->
      </class> <!-- Tests.Browsersetinpropfile_Googlesearch -->
    </test> <!-- Test -->
  </suite> <!-- Suite -->
</testng-results>
